
> compiler@0.0.0 backend
> tsx server/index.ts

Checking GCC availability...
✓ GCC found at: gcc
✓ GCC source: path

═══════════════════════════════════════════════
  C DSA Visualizer Backend Server
═══════════════════════════════════════════════
  Status:      Running
  Environment: Local
  Protocol:    HTTP
  Port:        3001
  Host:        localhost
  GCC:         gcc
  GCC Source:  path
  GCC Version: gcc (MinGW-W64 x86_64-ucrt-mcf-seh, built by Brecht Sanders, r1) 15.1.0

  Endpoints:
    POST /api/compile - Compile C code
    POST /api/run     - Execute binary
    POST /api/trace   - Trace execution
    GET  /health      - Health check
═══════════════════════════════════════════════

[2026-03-27T04:31:53.700Z] GET /health
[2026-03-27T04:32:16.287Z] GET /health
[2026-03-27T04:32:16.348Z] POST /api/compile
Compiling 56 bytes of C code...
✓ Compilation successful in 229ms
[2026-03-27T04:46:27.030Z] POST /api/analyze/intent
[2026-03-27T04:46:27.826Z] POST /api/compile
Compiling 1290 bytes of C code...
✓ Compilation successful in 239ms
[2026-03-27T04:46:28.538Z] POST /api/run/start
[2026-03-27T04:46:29.859Z] GET /api/run/poll
[2026-03-27T04:46:31.917Z] POST /api/trace
Tracing code with 0 breakpoints...
✓ Trace complete: 153 steps
[2026-03-27T04:50:19.599Z] POST /api/analyze/intent
[2026-03-27T04:52:39.269Z] POST /api/analyze/intent
[2026-03-27T04:52:39.881Z] POST /api/compile
Compiling 1290 bytes of C code...
✓ Compilation successful in 698ms
[2026-03-27T04:52:41.153Z] POST /api/run/start
[2026-03-27T04:52:42.145Z] GET /api/run/poll
[2026-03-27T04:52:43.817Z] POST /api/trace
Tracing code with 0 breakpoints...
✓ Trace complete: 153 steps
[2026-03-27T04:54:46.292Z] POST /api/analyze/intent
[2026-03-27T04:58:02.383Z] POST /api/compile
Compiling 1290 bytes of C code...
✓ Compilation successful in 491ms
[2026-03-27T04:58:04.360Z] POST /api/run/start
[2026-03-27T04:58:05.378Z] GET /api/run/poll
[2026-03-27T04:58:07.803Z] POST /api/trace
Tracing code with 0 breakpoints...
✓ Trace complete: 153 steps
[2026-03-27T05:01:22.234Z] POST /api/analyze/intent
[2026-03-27T05:01:29.010Z] POST /api/compile
Compiling 827 bytes of C code...
✓ Compilation successful in 376ms
[2026-03-27T05:01:31.056Z] POST /api/run/start
[2026-03-27T05:01:32.278Z] GET /api/run/poll
[2026-03-27T05:01:43.950Z] POST /api/analyze/intent
[2026-03-27T05:01:46.604Z] POST /api/analyze/intent
[2026-03-27T05:01:46.958Z] POST /api/analyze/intent
[2026-03-27T05:01:47.534Z] POST /api/analyze/intent
[2026-03-27T05:01:48.669Z] POST /api/analyze/intent
[2026-03-27T05:01:49.899Z] POST /api/analyze/intent
[2026-03-27T05:01:54.275Z] POST /api/analyze/intent
[2026-03-27T05:01:55.131Z] POST /api/analyze/intent
[2026-03-27T05:01:57.079Z] POST /api/analyze/intent
[2026-03-27T05:01:57.449Z] POST /api/analyze/intent
[2026-03-27T05:02:00.671Z] POST /api/analyze/intent
[2026-03-27T05:02:03.653Z] POST /api/compile
Compiling 845 bytes of C code...
✓ Compilation successful in 340ms
[2026-03-27T05:02:27.541Z] POST /api/compile
Compiling 845 bytes of C code...
✓ Compilation successful in 355ms
[2026-03-27T05:02:52.957Z] POST /api/analyze/intent
[2026-03-27T05:02:54.645Z] POST /api/compile
Compiling 827 bytes of C code...
✓ Compilation successful in 391ms
[2026-03-27T05:03:45.955Z] POST /api/analyze/intent
[2026-03-27T05:03:47.836Z] POST /api/compile
Compiling 321 bytes of C code...
✓ Compilation successful in 341ms
[2026-03-27T05:04:00.623Z] POST /api/analyze/intent
[2026-03-27T05:04:01.969Z] POST /api/analyze/intent
[2026-03-27T05:04:02.828Z] POST /api/analyze/intent
[2026-03-27T05:04:03.556Z] POST /api/analyze/intent
[2026-03-27T05:04:05.684Z] POST /api/analyze/intent
[2026-03-27T05:04:07.608Z] POST /api/analyze/intent
[2026-03-27T05:04:08.383Z] POST /api/analyze/intent
[2026-03-27T05:04:09.147Z] POST /api/analyze/intent
[2026-03-27T05:04:12.971Z] POST /api/compile
Compiling 325 bytes of C code...
✓ Compilation successful in 330ms
[2026-03-27T05:04:27.111Z] POST /api/analyze/intent
[2026-03-27T05:04:27.509Z] POST /api/analyze/intent
[2026-03-27T05:04:28.749Z] POST /api/compile
Compiling 321 bytes of C code...
✓ Compilation successful in 313ms
[2026-03-27T05:04:30.091Z] POST /api/run/start
[2026-03-27T05:04:31.063Z] GET /api/run/poll
[2026-03-27T05:04:33.552Z] POST /api/trace
Tracing code with 0 breakpoints...
✓ Trace complete: 26 steps
[2026-03-27T05:04:58.769Z] POST /api/analyze/intent
[2026-03-27T05:04:59.966Z] POST /api/analyze/intent
[2026-03-27T05:05:03.015Z] POST /api/compile
Compiling 323 bytes of C code...
✓ Compilation successful in 390ms
[2026-03-27T05:12:01.610Z] POST /api/compile
Compiling 323 bytes of C code...
✓ Compilation successful in 408ms
[2026-03-27T05:12:06.790Z] POST /api/compile
Compiling 323 bytes of C code...
✓ Compilation successful in 370ms
[2026-03-27T05:12:44.105Z] POST /api/compile
Compiling 56 bytes of C code...
✓ Compilation successful in 606ms
[2026-03-27T05:18:50.359Z] POST /api/analyze/intent
[2026-03-27T05:18:51.756Z] POST /api/compile
Compiling 323 bytes of C code...
✓ Compilation successful in 400ms
[2026-03-27T05:18:53.698Z] POST /api/run/start
[2026-03-27T05:18:57.019Z] GET /api/run/poll
[2026-03-27T05:19:01.135Z] POST /api/trace
Tracing code with 0 breakpoints...
✓ Trace complete: 0 steps
[2026-03-27T05:21:10.615Z] POST /api/analyze/intent
[2026-03-27T05:21:28.693Z] POST /api/analyze/intent
[2026-03-27T05:21:59.063Z] POST /api/analyze/intent
[2026-03-27T05:22:00.261Z] POST /api/compile
Compiling 323 bytes of C code...
✓ Compilation successful in 362ms
[2026-03-27T05:22:01.740Z] POST /api/run/start
[2026-03-27T05:22:03.386Z] GET /api/run/poll
[2026-03-27T05:22:05.140Z] POST /api/trace
Tracing code with 0 breakpoints...
✓ Trace complete: 0 steps
[2026-03-27T05:22:17.688Z] GET /health
[2026-03-27T05:23:06.888Z] POST /api/analyze/intent
[2026-03-27T05:23:09.847Z] POST /api/compile
Compiling 323 bytes of C code...
✓ Compilation successful in 374ms
[2026-03-27T05:23:11.346Z] POST /api/run/start
[2026-03-27T05:23:12.283Z] GET /api/run/poll
[2026-03-27T05:23:17.150Z] POST /api/trace
Tracing code with 0 breakpoints...
✓ Trace complete: 0 steps
[2026-03-27T05:23:42.730Z] POST /api/analyze/intent
[2026-03-27T05:23:46.025Z] POST /api/compile
Compiling 1290 bytes of C code...
✓ Compilation successful in 411ms
[2026-03-27T05:23:47.454Z] POST /api/run/start
[2026-03-27T05:23:48.683Z] GET /api/run/poll
[2026-03-27T05:23:50.776Z] POST /api/compile
Compiling 1290 bytes of C code...
✓ Compilation successful in 286ms
[2026-03-27T05:23:52.206Z] POST /api/run/start
[2026-03-27T05:23:53.125Z] GET /api/run/poll
[2026-03-27T05:23:54.726Z] POST /api/trace
Tracing code with 0 breakpoints...
✓ Trace complete: 153 steps
[2026-03-27T05:25:46.803Z] POST /api/analyze/intent
[2026-03-27T05:25:47.649Z] POST /api/trace
Tracing code with 0 breakpoints...
✓ Trace complete: 48 steps
[2026-03-27T05:25:52.093Z] POST /api/compile
Compiling 827 bytes of C code...
✓ Compilation successful in 384ms
[2026-03-27T05:25:53.156Z] POST /api/run/start
[2026-03-27T05:25:54.297Z] GET /api/run/poll
[2026-03-27T05:25:57.194Z] POST /api/trace
Tracing code with 0 breakpoints...
✓ Trace complete: 48 steps
[2026-03-27T07:24:13.559Z] POST /api/trace
Tracing code with 0 breakpoints...
✓ Trace complete: 48 steps
[2026-03-27T07:26:38.291Z] POST /api/analyze/intent
[2026-03-27T07:26:53.262Z] POST /api/compile
Compiling 827 bytes of C code...
✓ Compilation successful in 257ms
[2026-03-27T07:26:54.018Z] POST /api/run/start
[2026-03-27T07:26:55.397Z] GET /api/run/poll
[2026-03-27T07:26:59.985Z] POST /api/trace
Tracing code with 0 breakpoints...
✓ Trace complete: 48 steps
[2026-03-27T07:28:30.533Z] POST /api/trace
Tracing code with 0 breakpoints...
✓ Trace complete: 48 steps
[2026-03-27T07:34:25.754Z] POST /api/analyze/intent
[2026-03-27T07:34:26.897Z] POST /api/analyze/intent
[2026-03-27T07:35:06.918Z] POST /api/analyze/intent
[2026-03-27T07:35:07.938Z] POST /api/analyze/intent
[2026-03-27T07:35:09.091Z] POST /api/compile
Compiling 827 bytes of C code...
✓ Compilation successful in 225ms
[2026-03-27T07:35:09.936Z] POST /api/run/start
[2026-03-27T07:35:11.061Z] GET /api/run/poll
[2026-03-27T07:35:12.967Z] POST /api/trace
Tracing code with 0 breakpoints...
✓ Trace complete: 48 steps
